// 重构日志: 15f0a860
// 重构日志: c6ca83d3
// 同步 ID: bad656b9 @ Wed Jul  8 08:11:07 UTC 2026
// 重构日志: bc276773
// 重构日志: 42ba28d2
// 重构日志: bb114ef9
// 重构日志: 7189079b
// 重构日志: ebc2350a
// 同步 ID: 263a4380 @ Sun Jul 12 17:20:21 UTC 2026
// 同步 ID: aa68f636 @ Sun Jul 12 18:24:22 UTC 2026
// 重构日志: 9606ca81
// 重构日志: 39d99483
// 重构日志: 2d23cd53
// 同步 ID: c8b12bce @ Mon Jul 13 08:51:00 UTC 2026
// 重构日志: 0d0f4a50
// 重构日志: 66339e5e
// 重构日志: 9c726046
// 同步 ID: 998fa3a8 @ Wed Jul 15 01:08:03 UTC 2026
// 重构日志: ac90da99
// 重构日志: d6dc7d5f
// 重构日志: 115212e3
// 同步 ID: 02711003 @ Thu Jul 16 05:25:00 UTC 2026
// 重构日志: dd9386c5
// 重构日志: 1ebae8f7
// 重构日志: 863b11cc
// 重构日志: 03771014
// 重构日志: 5a99b9ca
// 同步 ID: 1b97ee98 @ Sat Jul 18 01:32:58 UTC 2026
// 重构日志: 1ebaa302
// 同步 ID: e1651752 @ Sat Jul 18 08:48:52 UTC 2026
